<?xml version="1.0" encoding="UTF-8"?>
<testsuite xmlns:xsi="http://www.w3.org/2001/XMLSchema-instance" xsi:noNamespaceSchemaLocation="https://maven.apache.org/surefire/maven-surefire-plugin/xsd/surefire-test-report-3.0.xsd" version="3.0" name="com.example.AddBookTest" time="0.09" tests="5" errors="0" skipped="0" failures="0">
  <properties>
[...]
</properties>
  <testcase name="testAddBookWithPublicationYear" classname="com.example.AddBookTest" time="0.001"/>
  <testcase name="testValidISBN" classname="com.example.AddBookTest" time="0.0"/>
  <testcase name="testAddBookWithNullValues" classname="com.example.AddBookTest" time="0.0"/>
  <testcase name="testAddBookWithDuplicateISBN" classname="com.example.AddBookTest" time="0.01"/>
  <testcase name="testAddBookWithEmptyValue" classname="com.example.AddBookTest" time="0.002"/>
</testsuite>